[1018/114024.154:INFO:CONSOLE(0)] "Error with Permissions-Policy header: Feature xr-spatial-tracking's parameters are ignored.", source:  (0)
[1018/114024.154:INFO:CONSOLE(0)] "Error with Permissions-Policy header: Origin trial controlled feature not enabled: 'attribution-reporting'.", source:  (0)
[1018/114024.154:INFO:CONSOLE(0)] "Error with Permissions-Policy header: Unrecognized feature: 'compute-pressure'.", source:  (0)
[1018/114024.155:INFO:CONSOLE(0)] "Error with Permissions-Policy header: Origin trial controlled feature not enabled: 'interest-cohort'.", source:  (0)
[1018/114024.155:INFO:CONSOLE(0)] "Error with Permissions-Policy header: Unrecognized feature: 'private-state-token-issuance'.", source:  (0)
[1018/114024.155:INFO:CONSOLE(0)] "Error with Permissions-Policy header: Origin trial controlled feature not enabled: 'shared-storage'.", source:  (0)
[1018/114024.155:INFO:CONSOLE(0)] "Error with Permissions-Policy header: Unrecognized feature: 'shared-storage-select-url'.", source:  (0)
[1018/114024.155:INFO:CONSOLE(0)] "Error with Permissions-Policy header: Unrecognized feature: 'private-state-token-redemption'.", source:  (0)
[1018/114024.155:INFO:CONSOLE(0)] "Error with Permissions-Policy header: Unrecognized feature: 'unload'.", source:  (0)
[1018/114024.155:INFO:CONSOLE(0)] "Error with Permissions-Policy header: Unrecognized feature: 'window-management'.", source:  (0)
[1018/114024.818:INFO:CONSOLE(344)] "WAWebLoggerWorker initialized", source: https://static.whatsapp.net/rsrc.php/v3/y6/r/ENTLTW0xfpl.js (344)
[1018/114024.820:INFO:CONSOLE(344)] "[storage] start setSchemaVersions from fts worker interface", source: https://static.whatsapp.net/rsrc.php/v3/y6/r/ENTLTW0xfpl.js (344)
[1018/114024.820:INFO:CONSOLE(344)] "[storage] set schema versions: [model-storage,160,fts-storage,8,jobs-storage,1,lru-media-storage-idb,2,offd-storage,4,qpl-storage,0,signal-storage,6,worker-storage,1,sw,2,wawc,14,wawc_db_enc,2]. is worker? true", source: https://static.whatsapp.net/rsrc.php/v3/y6/r/ENTLTW0xfpl.js (344)
[1018/114025.564:INFO:CONSOLE(123)] "Event handler of 'x-storagemutated-1' event must be added on the initial evaluation of worker script.", source: https://static.whatsapp.net/rsrc.php/v3/yn/r/imjrgTx808c.js (123)
[1018/114035.703:INFO:CONSOLE(344)] "FTS:Delegate: start indexer", source: https://static.whatsapp.net/rsrc.php/v3/y6/r/ENTLTW0xfpl.js (344)
[1018/114035.703:INFO:CONSOLE(344)] "FTS:Delegate: start perform init", source: https://static.whatsapp.net/rsrc.php/v3/y6/r/ENTLTW0xfpl.js (344)
[1018/114035.703:INFO:CONSOLE(344)] "FTS:Delegate: schema versions ready", source: https://static.whatsapp.net/rsrc.php/v3/y6/r/ENTLTW0xfpl.js (344)
[1018/114035.703:INFO:CONSOLE(344)] "FTS:Delegate: before db initialization", source: https://static.whatsapp.net/rsrc.php/v3/y6/r/ENTLTW0xfpl.js (344)
[1018/114035.704:INFO:CONSOLE(344)] "[storage] applying schema versions from [0 to 8] for the database: 'fts-storage'", source: https://static.whatsapp.net/rsrc.php/v3/y6/r/ENTLTW0xfpl.js (344)
[1018/114035.716:INFO:CONSOLE(344)] "[storage] applying schema versions from [0 to 160] for the database: 'model-storage'", source: https://static.whatsapp.net/rsrc.php/v3/y6/r/ENTLTW0xfpl.js (344)
[1018/114036.718:INFO:CONSOLE(344)] "FTS:Delegate: after db initialization", source: https://static.whatsapp.net/rsrc.php/v3/y6/r/ENTLTW0xfpl.js (344)
[1018/114036.721:INFO:CONSOLE(344)] "FTS:Manifest Writer: Set current version to ['3.1', '1']", source: https://static.whatsapp.net/rsrc.php/v3/y6/r/ENTLTW0xfpl.js (344)
[1018/114036.721:INFO:CONSOLE(344)] "FTS:Delegate: Inited", source: https://static.whatsapp.net/rsrc.php/v3/y6/r/ENTLTW0xfpl.js (344)
[1018/114036.721:INFO:CONSOLE(344)] "FTS:Delegate: Init indexing ops", source: https://static.whatsapp.net/rsrc.php/v3/y6/r/ENTLTW0xfpl.js (344)
[1018/114036.723:INFO:CONSOLE(344)] "FTS:Indexer:indexQueuedBatch: Starting new batch size : 1000", source: https://static.whatsapp.net/rsrc.php/v3/y6/r/ENTLTW0xfpl.js (344)
[1018/114036.726:INFO:CONSOLE(344)] "Current message batch is from entry 0 of 17...", source: https://static.whatsapp.net/rsrc.php/v3/y6/r/ENTLTW0xfpl.js (344)
[1018/114036.871:INFO:CONSOLE(344)] "Finished batch from entry 0 of 17. (Took 145.3999999910593 msec)", source: https://static.whatsapp.net/rsrc.php/v3/y6/r/ENTLTW0xfpl.js (344)
[1018/114037.846:INFO:CONSOLE(344)] "FTS:Indexer:indexQueuedBatch: Completed batch", source: https://static.whatsapp.net/rsrc.php/v3/y6/r/ENTLTW0xfpl.js (344)
[1018/114037.851:INFO:CONSOLE(344)] "FTS:Indexer:indexQueuedBatch: Completed", source: https://static.whatsapp.net/rsrc.php/v3/y6/r/ENTLTW0xfpl.js (344)
[1018/114128.883:INFO:CONSOLE(123)] "Event handler of 'x-storagemutated-1' event must be added on the initial evaluation of worker script.", source: https://static.whatsapp.net/rsrc.php/v3/yn/r/imjrgTx808c.js (123)
[1018/114146.275:INFO:CONSOLE(344)] "FTS:Indexer:indexQueuedBatch: Starting new batch size : 1000", source: https://static.whatsapp.net/rsrc.php/v3/y6/r/ENTLTW0xfpl.js (344)
[1018/114242.249:INFO:CONSOLE(344)] "FTS:Indexer:indexQueuedBatch: Completed batch", source: https://static.whatsapp.net/rsrc.php/v3/y6/r/ENTLTW0xfpl.js (344)
[1018/114330.927:INFO:CONSOLE(344)] "FTS:Indexer:indexQueuedBatch: Completed batch", source: https://static.whatsapp.net/rsrc.php/v3/y6/r/ENTLTW0xfpl.js (344)
[1018/114426.575:INFO:CONSOLE(344)] "FTS:Indexer:indexQueuedBatch: Completed batch", source: https://static.whatsapp.net/rsrc.php/v3/y6/r/ENTLTW0xfpl.js (344)
[1018/114456.699:INFO:CONSOLE(344)] "FTS:Indexer:indexQueuedBatch: Completed batch", source: https://static.whatsapp.net/rsrc.php/v3/y6/r/ENTLTW0xfpl.js (344)
[1018/114456.750:INFO:CONSOLE(344)] "FTS:Indexer:indexQueuedBatch: Completed", source: https://static.whatsapp.net/rsrc.php/v3/y6/r/ENTLTW0xfpl.js (344)
[1018/114502.054:INFO:CONSOLE(344)] "FTS:Indexer:indexQueuedBatch: Starting new batch size : 1000", source: https://static.whatsapp.net/rsrc.php/v3/y6/r/ENTLTW0xfpl.js (344)
[1018/114502.059:INFO:CONSOLE(344)] "FTS:Indexer:indexQueuedBatch: Completed batch", source: https://static.whatsapp.net/rsrc.php/v3/y6/r/ENTLTW0xfpl.js (344)
[1018/114502.059:INFO:CONSOLE(344)] "FTS:Indexer:indexQueuedBatch: Completed", source: https://static.whatsapp.net/rsrc.php/v3/y6/r/ENTLTW0xfpl.js (344)
[1018/114516.014:INFO:CONSOLE(344)] "FTS:Indexer:indexQueuedBatch: Starting new batch size : 1000", source: https://static.whatsapp.net/rsrc.php/v3/y6/r/ENTLTW0xfpl.js (344)
[1018/114516.021:INFO:CONSOLE(344)] "FTS:Indexer:indexQueuedBatch: Completed batch", source: https://static.whatsapp.net/rsrc.php/v3/y6/r/ENTLTW0xfpl.js (344)
[1018/114516.023:INFO:CONSOLE(344)] "FTS:Indexer:indexQueuedBatch: Completed", source: https://static.whatsapp.net/rsrc.php/v3/y6/r/ENTLTW0xfpl.js (344)
[1018/114536.112:INFO:CONSOLE(336)] "Failed to parse video contentType: video/mp4; codecs=avc1.42000a", source: https://static.whatsapp.net/rsrc.php/v3iHCc4/ya/l/rt/6WplEJXmw0e.js (336)
[1018/114536.112:INFO:CONSOLE(336)] "Failed to parse video contentType: video/mp4; codecs=hev1.1.6.L93.B0", source: https://static.whatsapp.net/rsrc.php/v3iHCc4/ya/l/rt/6WplEJXmw0e.js (336)
